<?xml version="1.0" encoding="UTF-8" standalone="yes"?>
<ns2:test-suite start="1567917257484" stop="1567917314528" version="1.4.23" xmlns:ns2="urn:model.allure.qatools.yandex.ru">
    <name>Place - Finder Test Suites : Home Screen Tests</name>
    <title>Place - Finder Test Suites : Home Screen Tests</title>
    <test-cases>
        <test-case start="1567917265703" stop="1567917268352" status="passed">
            <name>isPlaceFinderScreenDisplayed</name>
            <steps/>
            <attachments/>
            <labels>
                <label name="host" value="DESKTOP-I7KTSAJ"/>
                <label name="thread" value="3716@DESKTOP-I7KTSAJ.main(1)"/>
            </labels>
        </test-case>
        <test-case start="1567917268727" stop="1567917270895" status="passed">
            <name>isSearchFieldDisplayed</name>
            <steps/>
            <attachments/>
            <labels>
                <label name="host" value="DESKTOP-I7KTSAJ"/>
                <label name="thread" value="3716@DESKTOP-I7KTSAJ.main(1)"/>
            </labels>
        </test-case>
        <test-case start="1567917270900" stop="1567917272600" status="passed">
            <name>isSearchButtonDisplayed</name>
            <steps/>
            <attachments/>
            <labels>
                <label name="host" value="DESKTOP-I7KTSAJ"/>
                <label name="thread" value="3716@DESKTOP-I7KTSAJ.main(1)"/>
            </labels>
        </test-case>
        <test-case start="1567917272604" stop="1567917309026" status="broken">
            <name>isNavigatedToSearchScreen</name>
            <failure>
                <message>NoSuchElementException: Can't locate an element by this strategy: Locator map: 
- native content: "By.id: ivToggleView" 
- html content: "by id or name "moreOptionButton""
For documentation on this error, please visit: http://seleniumhq.org/exceptions/no_such_element.html
Build info: version: '2.53.1', revision: 'a36b8b1cd5757287168e54b817830adce9b0158d', time: '2016-06-30 19:26:09'
System info: host: 'DESKTOP-I7KTSAJ', ip: '192.168.1.8', os.name: 'Windows 10', os.arch: 'amd64', os.version: '10.0', java.version: '1.8.0_191'
Driver info: driver.version: unknown</message>
                <stack-trace>org.openqa.selenium.NoSuchElementException: Can't locate an element by this strategy: Locator map: 
- native content: "By.id: ivToggleView" 
- html content: "by id or name "moreOptionButton""
For documentation on this error, please visit: http://seleniumhq.org/exceptions/no_such_element.html
Build info: version: '2.53.1', revision: 'a36b8b1cd5757287168e54b817830adce9b0158d', time: '2016-06-30 19:26:09'
System info: host: 'DESKTOP-I7KTSAJ', ip: '192.168.1.8', os.name: 'Windows 10', os.arch: 'amd64', os.version: '10.0', java.version: '1.8.0_191'
Driver info: driver.version: unknown
	at io.appium.java_client.pagefactory.AppiumElementLocator.findElement(AppiumElementLocator.java:185)
	at io.appium.java_client.pagefactory.ElementInterceptor.intercept(ElementInterceptor.java:46)
	at io.appium.java_client.android.AndroidElement$$EnhancerByCGLIB$$f2ec37a7.isDisplayed(&lt;generated&gt;)
	at com.placefinder.searchresult.SearchResultPage.isSearchResultPageDisplayed(SearchResultPage.java:14)
	at com.placefinder.homepage.HomePage.search(HomePage.java:34)
	at com.placefinder.homepageTest.HomePageTest.isNavigatedToSearchScreen(HomePageTest.java:27)
	at sun.reflect.NativeMethodAccessorImpl.invoke0(Native Method)
	at sun.reflect.NativeMethodAccessorImpl.invoke(NativeMethodAccessorImpl.java:62)
	at sun.reflect.DelegatingMethodAccessorImpl.invoke(DelegatingMethodAccessorImpl.java:43)
	at java.lang.reflect.Method.invoke(Method.java:498)
	at org.testng.internal.MethodInvocationHelper.invokeMethod(MethodInvocationHelper.java:84)
	at org.testng.internal.Invoker.invokeMethod(Invoker.java:714)
	at org.testng.internal.Invoker.invokeTestMethod(Invoker.java:901)
	at org.testng.internal.Invoker.invokeTestMethods(Invoker.java:1231)
	at org.testng.internal.TestMethodWorker.invokeTestMethods(TestMethodWorker.java:127)
	at org.testng.internal.TestMethodWorker.run(TestMethodWorker.java:111)
	at org.testng.TestRunner.privateRun(TestRunner.java:767)
	at org.testng.TestRunner.run(TestRunner.java:617)
	at org.testng.SuiteRunner.runTest(SuiteRunner.java:334)
	at org.testng.SuiteRunner.runSequentially(SuiteRunner.java:329)
	at org.testng.SuiteRunner.privateRun(SuiteRunner.java:291)
	at org.testng.SuiteRunner.run(SuiteRunner.java:240)
	at org.testng.SuiteRunnerWorker.runSuite(SuiteRunnerWorker.java:52)
	at org.testng.SuiteRunnerWorker.run(SuiteRunnerWorker.java:86)
	at org.testng.TestNG.runSuitesSequentially(TestNG.java:1224)
	at org.testng.TestNG.runSuitesLocally(TestNG.java:1149)
	at org.testng.TestNG.run(TestNG.java:1057)
	at org.testng.IDEARemoteTestNG.run(IDEARemoteTestNG.java:72)
	at org.testng.RemoteTestNGStarter.main(RemoteTestNGStarter.java:123)
</stack-trace>
            </failure>
            <steps/>
            <attachments/>
            <labels>
                <label name="host" value="DESKTOP-I7KTSAJ"/>
                <label name="thread" value="3716@DESKTOP-I7KTSAJ.main(1)"/>
            </labels>
        </test-case>
    </test-cases>
    <labels>
        <label name="framework" value="TestNG"/>
        <label name="language" value="JAVA"/>
    </labels>
</ns2:test-suite>
