<?xml version="1.0" encoding="UTF-8" standalone="yes"?>
<ns2:test-suite start="1567857108147" stop="1567857140821" version="1.4.23" xmlns:ns2="urn:model.allure.qatools.yandex.ru">
    <name>Place - Finder Test Suites : Home Screen Tests</name>
    <title>Place - Finder Test Suites : Home Screen Tests</title>
    <test-cases>
        <test-case start="1567857127420" stop="1567857127508" status="broken">
            <name>isPlaceHolderScreenDisplayed</name>
            <failure>
                <message>RuntimeException: java.lang.IllegalAccessException: Class com.placefinder.Pages can not access a member of class com.placefinder.homepage.HomePage with modifiers ""</message>
                <stack-trace>java.lang.RuntimeException: java.lang.IllegalAccessException: Class com.placefinder.Pages can not access a member of class com.placefinder.homepage.HomePage with modifiers ""
	at com.placefinder.Pages.getPage(Pages.java:14)
	at com.placefinder.Pages.HomePage(Pages.java:20)
	at com.placefinder.homepageTest.HomePageTest.isPlaceHolderScreenDisplayed(HomePageTest.java:12)
	at sun.reflect.NativeMethodAccessorImpl.invoke0(Native Method)
	at sun.reflect.NativeMethodAccessorImpl.invoke(NativeMethodAccessorImpl.java:62)
	at sun.reflect.DelegatingMethodAccessorImpl.invoke(DelegatingMethodAccessorImpl.java:43)
	at java.lang.reflect.Method.invoke(Method.java:498)
	at org.testng.internal.MethodInvocationHelper.invokeMethod(MethodInvocationHelper.java:84)
	at org.testng.internal.Invoker.invokeMethod(Invoker.java:714)
	at org.testng.internal.Invoker.invokeTestMethod(Invoker.java:901)
	at org.testng.internal.Invoker.invokeTestMethods(Invoker.java:1231)
	at org.testng.internal.TestMethodWorker.invokeTestMethods(TestMethodWorker.java:127)
	at org.testng.internal.TestMethodWorker.run(TestMethodWorker.java:111)
	at org.testng.TestRunner.privateRun(TestRunner.java:767)
	at org.testng.TestRunner.run(TestRunner.java:617)
	at org.testng.SuiteRunner.runTest(SuiteRunner.java:334)
	at org.testng.SuiteRunner.runSequentially(SuiteRunner.java:329)
	at org.testng.SuiteRunner.privateRun(SuiteRunner.java:291)
	at org.testng.SuiteRunner.run(SuiteRunner.java:240)
	at org.testng.SuiteRunnerWorker.runSuite(SuiteRunnerWorker.java:52)
	at org.testng.SuiteRunnerWorker.run(SuiteRunnerWorker.java:86)
	at org.testng.TestNG.runSuitesSequentially(TestNG.java:1224)
	at org.testng.TestNG.runSuitesLocally(TestNG.java:1149)
	at org.testng.TestNG.run(TestNG.java:1057)
	at org.testng.IDEARemoteTestNG.run(IDEARemoteTestNG.java:72)
	at org.testng.RemoteTestNGStarter.main(RemoteTestNGStarter.java:123)
Caused by: java.lang.IllegalAccessException: Class com.placefinder.Pages can not access a member of class com.placefinder.homepage.HomePage with modifiers ""
	at sun.reflect.Reflection.ensureMemberAccess(Reflection.java:102)
	at java.lang.Class.newInstance(Class.java:436)
	at com.placefinder.Pages.getPage(Pages.java:10)
	... 25 more
</stack-trace>
            </failure>
            <steps/>
            <attachments/>
            <labels>
                <label name="host" value="DESKTOP-I7KTSAJ"/>
                <label name="thread" value="6452@DESKTOP-I7KTSAJ.main(1)"/>
            </labels>
        </test-case>
    </test-cases>
    <labels>
        <label name="framework" value="TestNG"/>
        <label name="language" value="JAVA"/>
    </labels>
</ns2:test-suite>
